<?xml version="1.0" encoding="UTF-8"?>
<!-- Generated by org.testng.reporters.JUnitReportReporter -->
<testsuite skipped="0" hostname="Naveens-MacBook-Air.local" name="com.crm.qa.testcases.TestMultipleSession" tests="3" failures="0" timestamp="26 Sep 2017 10:59:01 GMT" time="41.729" errors="0">
  <testcase name="executSessionOne" time="18.630" classname="com.crm.qa.testcases.TestMultipleSession"/>
  <testcase name="executeSessionTwo" time="4.568" classname="com.crm.qa.testcases.TestMultipleSession"/>
  <testcase name="executSessionThree" time="18.531" classname="com.crm.qa.testcases.TestMultipleSession"/>
</testsuite> <!-- com.crm.qa.testcases.TestMultipleSession -->
