<?xml version="1.0" encoding="UTF-8"?>
<!-- Generated by org.testng.reporters.JUnitReportReporter -->
<testsuite skipped="0" hostname="Naveens-MacBook-Air.local" name="com.crm.qa.testcases.LoginPageTest" tests="3" failures="0" timestamp="13 Oct 2017 18:23:23 GMT" time="20.128" errors="0">
  <testcase name="loginPageTitleTest" time="4.593" classname="com.crm.qa.testcases.LoginPageTest"/>
  <testcase name="crmLogoImageTest" time="4.688" classname="com.crm.qa.testcases.LoginPageTest"/>
  <testcase name="loginTest" time="10.847" classname="com.crm.qa.testcases.LoginPageTest"/>
</testsuite> <!-- com.crm.qa.testcases.LoginPageTest -->
